<?xml version="1.0" encoding="UTF-8"?>
<!-- Generated by org.testng.reporters.JUnitReportReporter -->
<testsuite skipped="0" hostname="DESKTOP-UOSJI6I" name="com.testcases.LoginTest" tests="2" failures="0" timestamp="2021-07-29T18:23:10 IST" time="19.379" errors="0">
  <testcase name="TitleValidate" time="10.339" classname="com.testcases.LoginTest"/>
  <system-out/>
  <testcase name="loginpageTest" time="9.040" classname="com.testcases.LoginTest"/>
  <system-out/>
</testsuite> <!-- com.testcases.LoginTest -->
