<?xml version="1.0" encoding="UTF-8"?>
<!-- Generated by org.testng.reporters.JUnitReportReporter -->
<testsuite skipped="0" hostname="DESKTOP-UOSJI6I" name="com.testcases.UserManagementTest" tests="3" failures="0" timestamp="2021-08-03T16:02:41 IST" time="71.911" errors="0">
  <testcase name="addingUser" time="25.978" classname="com.testcases.UserManagementTest"/>
  <system-out/>
  <testcase name="titleValidationTest" time="10.962" classname="com.testcases.UserManagementTest"/>
  <system-out/>
  <testcase name="navigationToUserManagement" time="34.971" classname="com.testcases.UserManagementTest"/>
  <system-out/>
</testsuite> <!-- com.testcases.UserManagementTest -->
